[*] Using default configuration
[*] Sweep mode: resource_variation (3 conditions × 30 seeds = 90 runs)
[*] Parallel mode: 12 workers

[*] Parallel execution: 12 workers, 90 jobs
[*] Conditions: 3, Seeds: 30
Process ForkPoolWorker-11:
Process ForkPoolWorker-10:
Process ForkPoolWorker-6:
Process ForkPoolWorker-3:
Process ForkPoolWorker-12:
Process ForkPoolWorker-8:
Process ForkPoolWorker-4:
Process ForkPoolWorker-9:
Process ForkPoolWorker-7:
Process ForkPoolWorker-1:
Process ForkPoolWorker-5:
Traceback (most recent call last):
Process ForkPoolWorker-2:
  File "/usr/lib/python3.12/multiprocessing/process.py", line 314, in _bootstrap
    self.run()
  File "/usr/lib/python3.12/multiprocessing/process.py", line 108, in run
    self._target(*self._args, **self._kwargs)
  File "/usr/lib/python3.12/multiprocessing/pool.py", line 125, in worker
    result = (True, func(*args, **kwds))
                    ^^^^^^^^^^^^^^^^^^^
  File "/home/yousef/swarm-isolation-sim/swarm_sim/experiments/extended.py", line 556, in _run_single_experiment
    return exp.run(seed=seed, verbose=False)
           ^^^^^^^^^^^^^^^^^^^^^^^^^^^^^^^^^
  File "/home/yousef/swarm-isolation-sim/swarm_sim/experiments/extended.py", line 417, in run
    treat_m = self.treatment_world.step()
              ^^^^^^^^^^^^^^^^^^^^^^^^^^^
  File "/home/yousef/swarm-isolation-sim/swarm_sim/core/world.py", line 193, in step
    metrics.update({
KeyboardInterrupt
Traceback (most recent call last):
Traceback (most recent call last):
Traceback (most recent call last):
  File "/usr/lib/python3.12/multiprocessing/process.py", line 314, in _bootstrap
    self.run()
  File "/usr/lib/python3.12/multiprocessing/process.py", line 108, in run
    self._target(*self._args, **self._kwargs)
  File "/usr/lib/python3.12/multiprocessing/pool.py", line 125, in worker
    result = (True, func(*args, **kwds))
                    ^^^^^^^^^^^^^^^^^^^
  File "/home/yousef/swarm-isolation-sim/swarm_sim/experiments/extended.py", line 556, in _run_single_experiment
    return exp.run(seed=seed, verbose=False)
           ^^^^^^^^^^^^^^^^^^^^^^^^^^^^^^^^^
  File "/home/yousef/swarm-isolation-sim/swarm_sim/experiments/extended.py", line 417, in run
    treat_m = self.treatment_world.step()
              ^^^^^^^^^^^^^^^^^^^^^^^^^^^
  File "/home/yousef/swarm-isolation-sim/swarm_sim/core/world.py", line 139, in step
    agent.observe(obs)
  File "/home/yousef/swarm-isolation-sim/swarm_sim/agents/agent.py", line 272, in observe
    self.belief_network.update(
  File "/home/yousef/swarm-isolation-sim/swarm_sim/agents/bayesian.py", line 190, in update
    self.last_observed[ry, rx] = self.current_step
    ~~~~~~~~~~~~~~~~~~^^^^^^^^
KeyboardInterrupt
Traceback (most recent call last):
Traceback (most recent call last):
Traceback (most recent call last):
  File "/usr/lib/python3.12/multiprocessing/process.py", line 314, in _bootstrap
    self.run()
  File "/usr/lib/python3.12/multiprocessing/process.py", line 108, in run
    self._target(*self._args, **self._kwargs)
  File "/usr/lib/python3.12/multiprocessing/process.py", line 314, in _bootstrap
    self.run()
  File "/usr/lib/python3.12/multiprocessing/process.py", line 108, in run
    self._target(*self._args, **self._kwargs)
  File "/usr/lib/python3.12/multiprocessing/pool.py", line 125, in worker
    result = (True, func(*args, **kwds))
                    ^^^^^^^^^^^^^^^^^^^
  File "/home/yousef/swarm-isolation-sim/swarm_sim/experiments/extended.py", line 556, in _run_single_experiment
    return exp.run(seed=seed, verbose=False)
           ^^^^^^^^^^^^^^^^^^^^^^^^^^^^^^^^^
  File "/home/yousef/swarm-isolation-sim/swarm_sim/experiments/extended.py", line 416, in run
    ctrl_m = self.control_world.step()
             ^^^^^^^^^^^^^^^^^^^^^^^^^
  File "/home/yousef/swarm-isolation-sim/swarm_sim/core/world.py", line 139, in step
    agent.observe(obs)
  File "/home/yousef/swarm-isolation-sim/swarm_sim/agents/agent.py", line 278, in observe
    self._update_inner_state_nn(observation)
  File "/home/yousef/swarm-isolation-sim/swarm_sim/agents/agent.py", line 502, in _update_inner_state_nn
    nn_output = self.inner_net.forward(belief_vec, vitals)
                ^^^^^^^^^^^^^^^^^^^^^^^^^^^^^^^^^^^^^^^^^^
  File "/home/yousef/swarm-isolation-sim/swarm_sim/agents/neural.py", line 172, in forward
    output = sigmoid(z3)
             ^^^^^^^^^^^
  File "/home/yousef/swarm-isolation-sim/swarm_sim/agents/neural.py", line 34, in sigmoid
    np.exp(x) / (1.0 + np.exp(x)),
                       ^^^^^^^^^
KeyboardInterrupt
  File "/usr/lib/python3.12/multiprocessing/pool.py", line 125, in worker
    result = (True, func(*args, **kwds))
                    ^^^^^^^^^^^^^^^^^^^
  File "/home/yousef/swarm-isolation-sim/swarm_sim/experiments/extended.py", line 556, in _run_single_experiment
    return exp.run(seed=seed, verbose=False)
           ^^^^^^^^^^^^^^^^^^^^^^^^^^^^^^^^^
  File "/home/yousef/swarm-isolation-sim/swarm_sim/experiments/extended.py", line 417, in run
    treat_m = self.treatment_world.step()
              ^^^^^^^^^^^^^^^^^^^^^^^^^^^
  File "/home/yousef/swarm-isolation-sim/swarm_sim/core/world.py", line 139, in step
    agent.observe(obs)
  File "/home/yousef/swarm-isolation-sim/swarm_sim/agents/agent.py", line 278, in observe
    self._update_inner_state_nn(observation)
  File "/home/yousef/swarm-isolation-sim/swarm_sim/agents/agent.py", line 518, in _update_inner_state_nn
    self.inner_net.learn(target)
  File "/home/yousef/swarm-isolation-sim/swarm_sim/agents/neural.py", line 206, in learn
    loss = float(np.mean(error ** 2))
                 ^^^^^^^^^^^^^^^^^^^
  File "/home/yousef/swarm-isolation-sim/venv/lib/python3.12/site-packages/numpy/_core/fromnumeric.py", line 3824, in mean
    return _methods._mean(a, axis=axis, dtype=dtype,
           ^^^^^^^^^^^^^^^^^^^^^^^^^^^^^^^^^^^^^^^^^
  File "/home/yousef/swarm-isolation-sim/venv/lib/python3.12/site-packages/numpy/_core/_methods.py", line 142, in _mean
    ret = ret.dtype.type(ret / rcount)
          ^^^^^^^^^^^^^^^^^^^^^^^^^^^^
KeyboardInterrupt
  File "/usr/lib/python3.12/multiprocessing/process.py", line 314, in _bootstrap
    self.run()
  File "/usr/lib/python3.12/multiprocessing/process.py", line 108, in run
    self._target(*self._args, **self._kwargs)
  File "/usr/lib/python3.12/multiprocessing/pool.py", line 125, in worker
    result = (True, func(*args, **kwds))
                    ^^^^^^^^^^^^^^^^^^^
  File "/home/yousef/swarm-isolation-sim/swarm_sim/experiments/extended.py", line 556, in _run_single_experiment
    return exp.run(seed=seed, verbose=False)
           ^^^^^^^^^^^^^^^^^^^^^^^^^^^^^^^^^
  File "/home/yousef/swarm-isolation-sim/swarm_sim/experiments/extended.py", line 416, in run
    ctrl_m = self.control_world.step()
             ^^^^^^^^^^^^^^^^^^^^^^^^^
  File "/home/yousef/swarm-isolation-sim/swarm_sim/core/world.py", line 134, in step
    obs = self.environment.get_local_observation(
          ^^^^^^^^^^^^^^^^^^^^^^^^^^^^^^^^^^^^^^^
  File "/home/yousef/swarm-isolation-sim/swarm_sim/core/environment.py", line 355, in get_local_observation
    elif patch[ry, rx] == CellType.OBSTACLE:
         ^^^^^^^^^^^^^^^^^^^^^^^^^^^^^^^^^^
KeyboardInterrupt
  File "/usr/lib/python3.12/multiprocessing/process.py", line 314, in _bootstrap
    self.run()
  File "/usr/lib/python3.12/multiprocessing/process.py", line 108, in run
    self._target(*self._args, **self._kwargs)
  File "/usr/lib/python3.12/multiprocessing/pool.py", line 125, in worker
    result = (True, func(*args, **kwds))
                    ^^^^^^^^^^^^^^^^^^^
  File "/home/yousef/swarm-isolation-sim/swarm_sim/experiments/extended.py", line 556, in _run_single_experiment
    return exp.run(seed=seed, verbose=False)
           ^^^^^^^^^^^^^^^^^^^^^^^^^^^^^^^^^
  File "/home/yousef/swarm-isolation-sim/swarm_sim/experiments/extended.py", line 416, in run
    ctrl_m = self.control_world.step()
             ^^^^^^^^^^^^^^^^^^^^^^^^^
  File "/home/yousef/swarm-isolation-sim/swarm_sim/core/world.py", line 147, in step
    result = agent.act(action, self.environment)
             ^^^^^^^^^^^^^^^^^^^^^^^^^^^^^^^^^^^
  File "/home/yousef/swarm-isolation-sim/swarm_sim/agents/agent.py", line 439, in act
    self.policy.learn(
  File "/home/yousef/swarm-isolation-sim/swarm_sim/agents/policy.py", line 433, in learn
    td_error = self.q_net.update(self._prev_action, td_target)
               ^^^^^^^^^^^^^^^^^^^^^^^^^^^^^^^^^^^^^^^^^^^^^^^
  File "/home/yousef/swarm-isolation-sim/swarm_sim/agents/policy.py", line 160, in update
    self.W1 -= lr * np.outer(self._input, d_hidden)
                    ^^^^^^^^^^^^^^^^^^^^^^^^^^^^^^^
  File "/home/yousef/swarm-isolation-sim/venv/lib/python3.12/site-packages/numpy/_core/numeric.py", line 905, in _outer_dispatcher
    def _outer_dispatcher(a, b, out=None):
    
KeyboardInterrupt
Traceback (most recent call last):
Traceback (most recent call last):
  File "/usr/lib/python3.12/multiprocessing/process.py", line 314, in _bootstrap
    self.run()
  File "/usr/lib/python3.12/multiprocessing/process.py", line 108, in run
    self._target(*self._args, **self._kwargs)
  File "/usr/lib/python3.12/multiprocessing/pool.py", line 125, in worker
    result = (True, func(*args, **kwds))
                    ^^^^^^^^^^^^^^^^^^^
  File "/home/yousef/swarm-isolation-sim/swarm_sim/experiments/extended.py", line 556, in _run_single_experiment
    return exp.run(seed=seed, verbose=False)
           ^^^^^^^^^^^^^^^^^^^^^^^^^^^^^^^^^
  File "/home/yousef/swarm-isolation-sim/swarm_sim/experiments/extended.py", line 416, in run
    ctrl_m = self.control_world.step()
             ^^^^^^^^^^^^^^^^^^^^^^^^^
  File "/home/yousef/swarm-isolation-sim/swarm_sim/core/world.py", line 134, in step
    obs = self.environment.get_local_observation(
          ^^^^^^^^^^^^^^^^^^^^^^^^^^^^^^^^^^^^^^^
  File "/home/yousef/swarm-isolation-sim/swarm_sim/core/environment.py", line 355, in get_local_observation
    elif patch[ry, rx] == CellType.OBSTACLE:
         ^^^^^^^^^^^^^^^^^^^^^^^^^^^^^^^^^^
KeyboardInterrupt
Traceback (most recent call last):
  File "/usr/lib/python3.12/multiprocessing/pool.py", line 856, in next
    item = self._items.popleft()
           ^^^^^^^^^^^^^^^^^^^^^
IndexError: pop from an empty deque

During handling of the above exception, another exception occurred:

Traceback (most recent call last):
  File "/home/yousef/swarm-isolation-sim/scripts/run_simulation.py", line 512, in <module>
    main()
  File "/home/yousef/swarm-isolation-sim/scripts/run_simulation.py", line 140, in main
    sweep_results = runner.run(verbose=True, workers=workers)
                    ^^^^^^^^^^^^^^^^^^^^^^^^^^^^^^^^^^^^^^^^^
  File "/home/yousef/swarm-isolation-sim/swarm_sim/experiments/extended.py", line 615, in run
    return self._run_parallel(verbose=verbose, workers=workers)
           ^^^^^^^^^^^^^^^^^^^^^^^^^^^^^^^^^^^^^^^^^^^^^^^^^^^^
  File "/home/yousef/swarm-isolation-sim/swarm_sim/experiments/extended.py", line 704, in _run_parallel
    for result in pool.imap_unordered(_run_single_experiment, jobs):
  File "/usr/lib/python3.12/multiprocessing/pool.py", line 861, in next
    self._cond.wait(timeout)
  File "/usr/lib/python3.12/threading.py", line 355, in wait
    waiter.acquire()
KeyboardInterrupt
