[*] Using default configuration
[*] Sweep mode: selection_criteria (4 conditions × 30 seeds = 120 runs)
[*] Parallel mode: 12 workers

[*] Parallel execution: 12 workers, 120 jobs
[*] Conditions: 4, Seeds: 30
Process ForkPoolWorker-8:
Process ForkPoolWorker-4:
Process ForkPoolWorker-10:
Process ForkPoolWorker-9:
Process ForkPoolWorker-11:
Process ForkPoolWorker-6:
Process ForkPoolWorker-3:
Process ForkPoolWorker-1:
Process ForkPoolWorker-7:
Process ForkPoolWorker-12:
Traceback (most recent call last):
Traceback (most recent call last):
Traceback (most recent call last):
Process ForkPoolWorker-2:
Traceback (most recent call last):
Process ForkPoolWorker-5:
Traceback (most recent call last):
Traceback (most recent call last):
  File "/usr/lib/python3.12/multiprocessing/process.py", line 314, in _bootstrap
    self.run()
  File "/usr/lib/python3.12/multiprocessing/process.py", line 108, in run
    self._target(*self._args, **self._kwargs)
  File "/usr/lib/python3.12/multiprocessing/pool.py", line 125, in worker
    result = (True, func(*args, **kwds))
                    ^^^^^^^^^^^^^^^^^^^
  File "/home/yousef/swarm-isolation-sim/swarm_sim/experiments/extended.py", line 556, in _run_single_experiment
    return exp.run(seed=seed, verbose=False)
           ^^^^^^^^^^^^^^^^^^^^^^^^^^^^^^^^^
  File "/home/yousef/swarm-isolation-sim/swarm_sim/experiments/extended.py", line 417, in run
    treat_m = self.treatment_world.step()
              ^^^^^^^^^^^^^^^^^^^^^^^^^^^
  File "/home/yousef/swarm-isolation-sim/swarm_sim/core/world.py", line 134, in step
    obs = self.environment.get_local_observation(
          ^^^^^^^^^^^^^^^^^^^^^^^^^^^^^^^^^^^^^^^
  File "/home/yousef/swarm-isolation-sim/swarm_sim/core/environment.py", line 355, in get_local_observation
    elif patch[ry, rx] == CellType.OBSTACLE:
         ^^^^^^^^^^^^^^^^^^^^^^^^^^^^^^^^^^
KeyboardInterrupt
Traceback (most recent call last):
  File "/usr/lib/python3.12/multiprocessing/process.py", line 314, in _bootstrap
    self.run()
  File "/usr/lib/python3.12/multiprocessing/process.py", line 108, in run
    self._target(*self._args, **self._kwargs)
  File "/usr/lib/python3.12/multiprocessing/pool.py", line 125, in worker
    result = (True, func(*args, **kwds))
                    ^^^^^^^^^^^^^^^^^^^
  File "/home/yousef/swarm-isolation-sim/swarm_sim/experiments/extended.py", line 556, in _run_single_experiment
    return exp.run(seed=seed, verbose=False)
           ^^^^^^^^^^^^^^^^^^^^^^^^^^^^^^^^^
  File "/home/yousef/swarm-isolation-sim/swarm_sim/experiments/extended.py", line 416, in run
    ctrl_m = self.control_world.step()
             ^^^^^^^^^^^^^^^^^^^^^^^^^
  File "/home/yousef/swarm-isolation-sim/swarm_sim/core/world.py", line 134, in step
    obs = self.environment.get_local_observation(
          ^^^^^^^^^^^^^^^^^^^^^^^^^^^^^^^^^^^^^^^
  File "/home/yousef/swarm-isolation-sim/swarm_sim/core/environment.py", line 355, in get_local_observation
    elif patch[ry, rx] == CellType.OBSTACLE:
         ^^^^^^^^^^^^^^^^^^^^^^^^^^^^^^^^^^
KeyboardInterrupt
  File "/usr/lib/python3.12/multiprocessing/process.py", line 314, in _bootstrap
    self.run()
  File "/usr/lib/python3.12/multiprocessing/process.py", line 314, in _bootstrap
    self.run()
  File "/usr/lib/python3.12/multiprocessing/process.py", line 108, in run
    self._target(*self._args, **self._kwargs)
  File "/usr/lib/python3.12/multiprocessing/pool.py", line 125, in worker
    result = (True, func(*args, **kwds))
                    ^^^^^^^^^^^^^^^^^^^
  File "/home/yousef/swarm-isolation-sim/swarm_sim/experiments/extended.py", line 556, in _run_single_experiment
    return exp.run(seed=seed, verbose=False)
           ^^^^^^^^^^^^^^^^^^^^^^^^^^^^^^^^^
  File "/home/yousef/swarm-isolation-sim/swarm_sim/experiments/extended.py", line 416, in run
    ctrl_m = self.control_world.step()
             ^^^^^^^^^^^^^^^^^^^^^^^^^
  File "/home/yousef/swarm-isolation-sim/swarm_sim/core/world.py", line 134, in step
    obs = self.environment.get_local_observation(
          ^^^^^^^^^^^^^^^^^^^^^^^^^^^^^^^^^^^^^^^
  File "/home/yousef/swarm-isolation-sim/swarm_sim/core/environment.py", line 355, in get_local_observation
    elif patch[ry, rx] == CellType.OBSTACLE:
         ^^^^^^^^^^^^^^^^^^^^^^^^^^^^^^^^^^
KeyboardInterrupt
  File "/usr/lib/python3.12/multiprocessing/process.py", line 108, in run
    self._target(*self._args, **self._kwargs)
  File "/usr/lib/python3.12/multiprocessing/pool.py", line 125, in worker
    result = (True, func(*args, **kwds))
                    ^^^^^^^^^^^^^^^^^^^
  File "/home/yousef/swarm-isolation-sim/swarm_sim/experiments/extended.py", line 556, in _run_single_experiment
    return exp.run(seed=seed, verbose=False)
           ^^^^^^^^^^^^^^^^^^^^^^^^^^^^^^^^^
  File "/home/yousef/swarm-isolation-sim/swarm_sim/experiments/extended.py", line 416, in run
    ctrl_m = self.control_world.step()
             ^^^^^^^^^^^^^^^^^^^^^^^^^
  File "/home/yousef/swarm-isolation-sim/swarm_sim/core/world.py", line 142, in step
    action = agent.decide()
             ^^^^^^^^^^^^^^
  File "/home/yousef/swarm-isolation-sim/swarm_sim/agents/agent.py", line 310, in decide
    action_idx = self.policy.select_action(self.inner_state, obs)
                 ^^^^^^^^^^^^^^^^^^^^^^^^^^^^^^^^^^^^^^^^^^^^^^^^
  File "/home/yousef/swarm-isolation-sim/swarm_sim/agents/policy.py", line 302, in select_action
    state = self.build_state(inner_state, observation)
            ^^^^^^^^^^^^^^^^^^^^^^^^^^^^^^^^^^^^^^^^^^
  File "/home/yousef/swarm-isolation-sim/swarm_sim/agents/policy.py", line 265, in build_state
    inner = np.array([
            ^^^^^^^^^^
Traceback (most recent call last):
KeyboardInterrupt
  File "/usr/lib/python3.12/multiprocessing/process.py", line 314, in _bootstrap
    self.run()
  File "/usr/lib/python3.12/multiprocessing/process.py", line 108, in run
    self._target(*self._args, **self._kwargs)
  File "/usr/lib/python3.12/multiprocessing/pool.py", line 125, in worker
    result = (True, func(*args, **kwds))
                    ^^^^^^^^^^^^^^^^^^^
  File "/home/yousef/swarm-isolation-sim/swarm_sim/experiments/extended.py", line 556, in _run_single_experiment
    return exp.run(seed=seed, verbose=False)
           ^^^^^^^^^^^^^^^^^^^^^^^^^^^^^^^^^
  File "/home/yousef/swarm-isolation-sim/swarm_sim/experiments/extended.py", line 417, in run
    treat_m = self.treatment_world.step()
              ^^^^^^^^^^^^^^^^^^^^^^^^^^^
  File "/home/yousef/swarm-isolation-sim/swarm_sim/core/world.py", line 125, in step
    env_metrics = self.environment.step(agent_positions)
                  ^^^^^^^^^^^^^^^^^^^^^^^^^^^^^^^^^^^^^^
  File "/home/yousef/swarm-isolation-sim/swarm_sim/core/environment.py", line 207, in step
    self._regenerate_food()
  File "/home/yousef/swarm-isolation-sim/swarm_sim/core/environment.py", line 234, in _regenerate_food
    indices = self.rng.choice(len(candidates), size=budget, replace=False)
              ^^^^^^^^^^^^^^^^^^^^^^^^^^^^^^^^^^^^^^^^^^^^^^^^^^^^^^^^^^^^
  File "numpy/random/_generator.pyx", line 899, in numpy.random._generator.Generator.choice
  File "/home/yousef/swarm-isolation-sim/venv/lib/python3.12/site-packages/numpy/_core/fromnumeric.py", line 3404, in prod
    return _wrapreduction(a, np.multiply, 'prod', axis, dtype, out,
           ^^^^^^^^^^^^^^^^^^^^^^^^^^^^^^^^^^^^^^^^^^^^^^^^^^^^^^^^
  File "/home/yousef/swarm-isolation-sim/venv/lib/python3.12/site-packages/numpy/_core/fromnumeric.py", line 66, in _wrapreduction
    def _wrapreduction(obj, ufunc, method, axis, dtype, out, **kwargs):
    
KeyboardInterrupt
  File "/usr/lib/python3.12/multiprocessing/process.py", line 314, in _bootstrap
    self.run()
  File "/usr/lib/python3.12/multiprocessing/process.py", line 108, in run
    self._target(*self._args, **self._kwargs)
  File "/usr/lib/python3.12/multiprocessing/pool.py", line 125, in worker
    result = (True, func(*args, **kwds))
                    ^^^^^^^^^^^^^^^^^^^
  File "/home/yousef/swarm-isolation-sim/swarm_sim/experiments/extended.py", line 556, in _run_single_experiment
    return exp.run(seed=seed, verbose=False)
           ^^^^^^^^^^^^^^^^^^^^^^^^^^^^^^^^^
  File "/home/yousef/swarm-isolation-sim/swarm_sim/experiments/extended.py", line 417, in run
    treat_m = self.treatment_world.step()
              ^^^^^^^^^^^^^^^^^^^^^^^^^^^
  File "/home/yousef/swarm-isolation-sim/swarm_sim/core/world.py", line 134, in step
    obs = self.environment.get_local_observation(
          ^^^^^^^^^^^^^^^^^^^^^^^^^^^^^^^^^^^^^^^
  File "/home/yousef/swarm-isolation-sim/swarm_sim/core/environment.py", line 355, in get_local_observation
    elif patch[ry, rx] == CellType.OBSTACLE:
         ^^^^^^^^^^^^^^^^^^^^^^^^^^^^^^^^^^
KeyboardInterrupt
  File "/usr/lib/python3.12/multiprocessing/process.py", line 314, in _bootstrap
    self.run()
  File "/usr/lib/python3.12/multiprocessing/process.py", line 108, in run
    self._target(*self._args, **self._kwargs)
  File "/usr/lib/python3.12/multiprocessing/pool.py", line 125, in worker
    result = (True, func(*args, **kwds))
                    ^^^^^^^^^^^^^^^^^^^
  File "/home/yousef/swarm-isolation-sim/swarm_sim/experiments/extended.py", line 556, in _run_single_experiment
    return exp.run(seed=seed, verbose=False)
           ^^^^^^^^^^^^^^^^^^^^^^^^^^^^^^^^^
  File "/home/yousef/swarm-isolation-sim/swarm_sim/experiments/extended.py", line 416, in run
    ctrl_m = self.control_world.step()
             ^^^^^^^^^^^^^^^^^^^^^^^^^
  File "/home/yousef/swarm-isolation-sim/swarm_sim/core/world.py", line 139, in step
    agent.observe(obs)
  File "/home/yousef/swarm-isolation-sim/swarm_sim/agents/agent.py", line 272, in observe
    self.belief_network.update(
  File "/home/yousef/swarm-isolation-sim/swarm_sim/agents/bayesian.py", line 169, in update
    likelihood_food = min(1.0, n_food / max(cells_per_region * 0.1, 1))
                                        ^^^^^^^^^^^^^^^^^^^^^^^^^^^^^^
KeyboardInterrupt
Traceback (most recent call last):
  File "/usr/lib/python3.12/multiprocessing/process.py", line 314, in _bootstrap
    self.run()
  File "/usr/lib/python3.12/multiprocessing/process.py", line 108, in run
    self._target(*self._args, **self._kwargs)
  File "/usr/lib/python3.12/multiprocessing/pool.py", line 125, in worker
    result = (True, func(*args, **kwds))
                    ^^^^^^^^^^^^^^^^^^^
  File "/home/yousef/swarm-isolation-sim/swarm_sim/experiments/extended.py", line 556, in _run_single_experiment
    return exp.run(seed=seed, verbose=False)
           ^^^^^^^^^^^^^^^^^^^^^^^^^^^^^^^^^
  File "/home/yousef/swarm-isolation-sim/swarm_sim/experiments/extended.py", line 417, in run
    treat_m = self.treatment_world.step()
              ^^^^^^^^^^^^^^^^^^^^^^^^^^^
  File "/home/yousef/swarm-isolation-sim/swarm_sim/core/world.py", line 134, in step
    obs = self.environment.get_local_observation(
          ^^^^^^^^^^^^^^^^^^^^^^^^^^^^^^^^^^^^^^^
  File "/home/yousef/swarm-isolation-sim/swarm_sim/core/environment.py", line 355, in get_local_observation
    elif patch[ry, rx] == CellType.OBSTACLE:
         ^^^^^^^^^^^^^^^^^^^^^^^^^^^^^^^^^^
KeyboardInterrupt
  File "/usr/lib/python3.12/multiprocessing/process.py", line 314, in _bootstrap
    self.run()
  File "/usr/lib/python3.12/multiprocessing/process.py", line 108, in run
    self._target(*self._args, **self._kwargs)
  File "/usr/lib/python3.12/multiprocessing/pool.py", line 125, in worker
    result = (True, func(*args, **kwds))
                    ^^^^^^^^^^^^^^^^^^^
  File "/home/yousef/swarm-isolation-sim/swarm_sim/experiments/extended.py", line 556, in _run_single_experiment
    return exp.run(seed=seed, verbose=False)
           ^^^^^^^^^^^^^^^^^^^^^^^^^^^^^^^^^
  File "/home/yousef/swarm-isolation-sim/swarm_sim/experiments/extended.py", line 417, in run
    treat_m = self.treatment_world.step()
              ^^^^^^^^^^^^^^^^^^^^^^^^^^^
  File "/home/yousef/swarm-isolation-sim/swarm_sim/core/world.py", line 134, in step
    obs = self.environment.get_local_observation(
          ^^^^^^^^^^^^^^^^^^^^^^^^^^^^^^^^^^^^^^^
  File "/home/yousef/swarm-isolation-sim/swarm_sim/core/environment.py", line 351, in get_local_observation
    for ry in range(patch_size):
              ^^^^^^^^^^^^^^^^^
KeyboardInterrupt
Traceback (most recent call last):
Traceback (most recent call last):
  File "/usr/lib/python3.12/multiprocessing/process.py", line 314, in _bootstrap
    self.run()
  File "/usr/lib/python3.12/multiprocessing/process.py", line 108, in run
    self._target(*self._args, **self._kwargs)
  File "/usr/lib/python3.12/multiprocessing/pool.py", line 125, in worker
    result = (True, func(*args, **kwds))
                    ^^^^^^^^^^^^^^^^^^^
  File "/home/yousef/swarm-isolation-sim/swarm_sim/experiments/extended.py", line 556, in _run_single_experiment
    return exp.run(seed=seed, verbose=False)
           ^^^^^^^^^^^^^^^^^^^^^^^^^^^^^^^^^
  File "/home/yousef/swarm-isolation-sim/swarm_sim/experiments/extended.py", line 416, in run
    ctrl_m = self.control_world.step()
             ^^^^^^^^^^^^^^^^^^^^^^^^^
  File "/home/yousef/swarm-isolation-sim/swarm_sim/core/world.py", line 134, in step
    obs = self.environment.get_local_observation(
          ^^^^^^^^^^^^^^^^^^^^^^^^^^^^^^^^^^^^^^^
  File "/home/yousef/swarm-isolation-sim/swarm_sim/core/environment.py", line 355, in get_local_observation
    elif patch[ry, rx] == CellType.OBSTACLE:
         ^^^^^^^^^^^^^^^^^^^^^^^^^^^^^^^^^^
KeyboardInterrupt
  File "/usr/lib/python3.12/multiprocessing/process.py", line 314, in _bootstrap
    self.run()
  File "/usr/lib/python3.12/multiprocessing/process.py", line 108, in run
    self._target(*self._args, **self._kwargs)
  File "/usr/lib/python3.12/multiprocessing/pool.py", line 125, in worker
    result = (True, func(*args, **kwds))
                    ^^^^^^^^^^^^^^^^^^^
  File "/home/yousef/swarm-isolation-sim/swarm_sim/experiments/extended.py", line 556, in _run_single_experiment
    return exp.run(seed=seed, verbose=False)
           ^^^^^^^^^^^^^^^^^^^^^^^^^^^^^^^^^
  File "/home/yousef/swarm-isolation-sim/swarm_sim/experiments/extended.py", line 416, in run
    ctrl_m = self.control_world.step()
             ^^^^^^^^^^^^^^^^^^^^^^^^^
  File "/home/yousef/swarm-isolation-sim/swarm_sim/core/world.py", line 134, in step
    obs = self.environment.get_local_observation(
          ^^^^^^^^^^^^^^^^^^^^^^^^^^^^^^^^^^^^^^^
  File "/home/yousef/swarm-isolation-sim/swarm_sim/core/environment.py", line 355, in get_local_observation
    elif patch[ry, rx] == CellType.OBSTACLE:
         ^^^^^^^^^^^^^^^^^^^^^^^^^^^^^^^^^^
KeyboardInterrupt
Traceback (most recent call last):
  File "/usr/lib/python3.12/multiprocessing/pool.py", line 856, in next
    item = self._items.popleft()
           ^^^^^^^^^^^^^^^^^^^^^
IndexError: pop from an empty deque

During handling of the above exception, another exception occurred:

Traceback (most recent call last):
  File "/home/yousef/swarm-isolation-sim/scripts/run_simulation.py", line 512, in <module>
    main()
  File "/home/yousef/swarm-isolation-sim/scripts/run_simulation.py", line 140, in main
    sweep_results = runner.run(verbose=True, workers=workers)
                    ^^^^^^^^^^^^^^^^^^^^^^^^^^^^^^^^^^^^^^^^^
  File "/home/yousef/swarm-isolation-sim/swarm_sim/experiments/extended.py", line 615, in run
    return self._run_parallel(verbose=verbose, workers=workers)
           ^^^^^^^^^^^^^^^^^^^^^^^^^^^^^^^^^^^^^^^^^^^^^^^^^^^^
  File "/home/yousef/swarm-isolation-sim/swarm_sim/experiments/extended.py", line 704, in _run_parallel
    for result in pool.imap_unordered(_run_single_experiment, jobs):
  File "/usr/lib/python3.12/multiprocessing/pool.py", line 861, in next
    self._cond.wait(timeout)
  File "/usr/lib/python3.12/threading.py", line 355, in wait
    waiter.acquire()
KeyboardInterrupt
